<?xml version="1.0" encoding="UTF-8"?>
<testsuite name="com.mrp.sml.domain.usecase.SendFileUseCaseTest" tests="2" skipped="0" failures="0" errors="0" timestamp="2026-06-09T10:58:08" hostname="codespaces-e1e51d" time="0.017">
  <properties/>
  <testcase name="invoke_blankAddress_throwsException" classname="com.mrp.sml.domain.usecase.SendFileUseCaseTest" time="0.015"/>
  <testcase name="invoke_emptyFileList_throwsException" classname="com.mrp.sml.domain.usecase.SendFileUseCaseTest" time="0.002"/>
  <system-out><![CDATA[]]></system-out>
  <system-err><![CDATA[]]></system-err>
</testsuite>
