<?xml version="1.0" encoding="UTF-8"?>
<testsuite name="com.mrp.sml.core.utils.QrCodeUtilsTest" tests="3" skipped="0" failures="0" errors="0" timestamp="2026-06-09T10:58:08" hostname="codespaces-e1e51d" time="0.032">
  <properties/>
  <testcase name="buildQrPayload_containsDeviceInfo" classname="com.mrp.sml.core.utils.QrCodeUtilsTest" time="0.031"/>
  <testcase name="buildQrPayload_emptyDeviceName" classname="com.mrp.sml.core.utils.QrCodeUtilsTest" time="0.0"/>
  <testcase name="buildQrPayload_withPort" classname="com.mrp.sml.core.utils.QrCodeUtilsTest" time="0.0"/>
  <system-out><![CDATA[]]></system-out>
  <system-err><![CDATA[]]></system-err>
</testsuite>
